#
# There is insufficient memory for the Java Runtime Environment to continue.
# Native memory allocation (malloc) failed to allocate 1122480 bytes for Chunk::new
# Possible reasons:
#   The system is out of physical RAM or swap space
#   The process is running with CompressedOops enabled, and the Java Heap may be blocking the growth of the native heap
# Possible solutions:
#   Reduce memory load on the system
#   Increase physical memory or swap space
#   Check if swap backing store is full
#   Decrease Java heap size (-Xmx/-Xms)
#   Decrease number of Java threads
#   Decrease Java thread stack sizes (-Xss)
#   Set larger code cache with -XX:ReservedCodeCacheSize=
#   JVM is running with Unscaled Compressed Oops mode in which the Java heap is
#     placed in the first 4GB address space. The Java Heap base address is the
#     maximum limit for the native heap growth. Please use -XX:HeapBaseMinAddress
#     to set the Java Heap base and to place the Java Heap above 4GB virtual address.
# This output file may be truncated or incomplete.
#
#  Out of Memory Error (allocation.cpp:389), pid=33776, tid=0x0000000000008e30
#
# JRE version: OpenJDK Runtime Environment (8.0_202-b03) (build 1.8.0_202-release-1483-b03)
# Java VM: OpenJDK 64-Bit Server VM (25.202-b03 mixed mode windows-amd64 compressed oops)
# Failed to write core dump. Minidumps are not enabled by default on client versions of Windows
#

---------------  T H R E A D  ---------------

Current thread (0x0000000018368000):  JavaThread "C2 CompilerThread1" daemon [_thread_in_native, id=36400, stack(0x0000000019950000,0x0000000019a50000)]

Stack: [0x0000000019950000,0x0000000019a50000]
[error occurred during error reporting (printing stack bounds), id 0xc0000005]

Native frames: (J=compiled Java code, j=interpreted, Vv=VM code, C=native code)


Current CompileTask:
C2:   6041 7834       4       com.android.tools.r8.ir.conversion.IRBuilder::a (706 bytes)


---------------  P R O C E S S  ---------------

Java Threads: ( => current thread )
  0x0000000021bfd000 JavaThread "Cache worker for execution history cache (F:\opengl\InnerAudioCapture\.gradle\5.4.1\executionHistory)" [_thread_blocked, id=34524, stack(0x0000000027380000,0x0000000027480000)]
  0x0000000021bfc000 JavaThread "Execution worker for ':' Thread 11" [_thread_blocked, id=30784, stack(0x0000000027080000,0x0000000027180000)]
  0x0000000021bff000 JavaThread "Execution worker for ':' Thread 10" [_thread_blocked, id=27316, stack(0x0000000026f80000,0x0000000027080000)]
  0x0000000021bf4800 JavaThread "Execution worker for ':' Thread 9" [_thread_blocked, id=35676, stack(0x0000000026e80000,0x0000000026f80000)]
  0x0000000021bfb800 JavaThread "Execution worker for ':' Thread 8" [_thread_in_native, id=36004, stack(0x0000000026d80000,0x0000000026e80000)]
  0x0000000021bfa800 JavaThread "Execution worker for ':' Thread 7" [_thread_in_Java, id=34000, stack(0x0000000026c80000,0x0000000026d80000)]
  0x0000000021bf6000 JavaThread "Execution worker for ':' Thread 6" [_thread_blocked, id=33068, stack(0x0000000026b80000,0x0000000026c80000)]
  0x0000000021bf4000 JavaThread "Execution worker for ':' Thread 5" [_thread_blocked, id=26876, stack(0x0000000026a80000,0x0000000026b80000)]
  0x0000000021bf3000 JavaThread "Execution worker for ':' Thread 4" [_thread_blocked, id=35896, stack(0x0000000026980000,0x0000000026a80000)]
  0x0000000021bfa000 JavaThread "Execution worker for ':' Thread 3" [_thread_blocked, id=33240, stack(0x0000000026880000,0x0000000026980000)]
  0x0000000021bf2800 JavaThread "Execution worker for ':' Thread 2" [_thread_blocked, id=36732, stack(0x0000000026780000,0x0000000026880000)]
  0x0000000021bf5800 JavaThread "Execution worker for ':'" [_thread_blocked, id=35728, stack(0x0000000025270000,0x0000000025370000)]
  0x0000000021bf7800 JavaThread "Cache worker for file content cache (F:\opengl\InnerAudioCapture\.gradle\5.4.1\fileContent)" [_thread_blocked, id=30048, stack(0x0000000024f70000,0x0000000025070000)]
  0x0000000021bf7000 JavaThread "Cache worker for file content cache (C:\Users\Jue\.gradle\caches\5.4.1\fileContent)" [_thread_blocked, id=35600, stack(0x0000000024e70000,0x0000000024f70000)]
  0x0000000021bf9000 JavaThread "Memory manager" [_thread_blocked, id=35584, stack(0x0000000024d70000,0x0000000024e70000)]
  0x0000000020e39800 JavaThread "Cache worker for Build Output Cleanup Cache (F:\opengl\InnerAudioCapture\.gradle\buildOutputCleanup)" [_thread_blocked, id=35920, stack(0x0000000024270000,0x0000000024370000)]
  0x0000000020e3f800 JavaThread "Build operations Thread 12" [_thread_blocked, id=35908, stack(0x0000000023d70000,0x0000000023e70000)]
  0x0000000020e3b000 JavaThread "Build operations Thread 11" [_thread_blocked, id=31368, stack(0x0000000023c70000,0x0000000023d70000)]
  0x0000000020e3c800 JavaThread "Build operations Thread 10" [_thread_blocked, id=36172, stack(0x0000000023b70000,0x0000000023c70000)]
  0x0000000020e3e800 JavaThread "Build operations Thread 9" [_thread_blocked, id=36664, stack(0x0000000023a70000,0x0000000023b70000)]
  0x0000000020e3b800 JavaThread "Build operations Thread 8" [_thread_blocked, id=32996, stack(0x0000000023970000,0x0000000023a70000)]
  0x0000000020e37000 JavaThread "Build operations Thread 7" [_thread_blocked, id=34096, stack(0x0000000023870000,0x0000000023970000)]
  0x0000000020e3e000 JavaThread "Build operations Thread 6" [_thread_blocked, id=36028, stack(0x0000000023770000,0x0000000023870000)]
  0x0000000020e3d000 JavaThread "Build operations Thread 5" [_thread_blocked, id=27824, stack(0x0000000023670000,0x0000000023770000)]
  0x0000000020e33800 JavaThread "Build operations Thread 4" [_thread_blocked, id=29148, stack(0x0000000023570000,0x0000000023670000)]
  0x0000000020e32800 JavaThread "Build operations Thread 3" [_thread_blocked, id=33280, stack(0x0000000023470000,0x0000000023570000)]
  0x0000000020e35000 JavaThread "Build operations Thread 2" [_thread_blocked, id=35856, stack(0x0000000023370000,0x0000000023470000)]
  0x0000000020e34000 JavaThread "Build operations" [_thread_blocked, id=35440, stack(0x0000000022ae0000,0x0000000022be0000)]
  0x0000000020e35800 JavaThread "Cache worker for execution history cache (C:\Users\Jue\.gradle\caches\5.4.1\executionHistory)" [_thread_blocked, id=13520, stack(0x00000000229e0000,0x0000000022ae0000)]
  0x0000000020e38000 JavaThread "Cache worker for cache directory md-rule (C:\Users\Jue\.gradle\caches\5.4.1\md-rule)" [_thread_blocked, id=35540, stack(0x00000000228e0000,0x00000000229e0000)]
  0x0000000020e30800 JavaThread "Cache worker for cache directory md-supplier (C:\Users\Jue\.gradle\caches\5.4.1\md-supplier)" [_thread_blocked, id=34528, stack(0x0000000020380000,0x0000000020480000)]
  0x000000001b3a5800 JavaThread "Cache worker for file hash cache (F:\opengl\InnerAudioCapture\.gradle\5.4.1\fileHashes)" [_thread_blocked, id=36240, stack(0x000000001fc40000,0x000000001fd40000)]
  0x000000001b3a4000 JavaThread "Cache worker for journal cache (C:\Users\Jue\.gradle\caches\journal-1)" [_thread_blocked, id=32468, stack(0x000000001d9a0000,0x000000001daa0000)]
  0x000000001b3a3000 JavaThread "File lock request listener" [_thread_in_native, id=33832, stack(0x000000001d8a0000,0x000000001d9a0000)]
  0x000000001b60a800 JavaThread "Cache worker for file hash cache (C:\Users\Jue\.gradle\caches\5.4.1\fileHashes)" [_thread_blocked, id=33356, stack(0x000000001d5a0000,0x000000001d6a0000)]
  0x000000001b359800 JavaThread "Thread-9" [_thread_blocked, id=32912, stack(0x000000001c4d0000,0x000000001c5d0000)]
  0x000000001b362000 JavaThread "Stdin handler" [_thread_blocked, id=35804, stack(0x000000001c3d0000,0x000000001c4d0000)]
  0x000000001b359000 JavaThread "Asynchronous log dispatcher for DefaultDaemonConnection: socket connection from /127.0.0.1:4363 to /127.0.0.1:4364" [_thread_blocked, id=34340, stack(0x000000001c2d0000,0x000000001c3d0000)]
  0x000000001b3b5000 JavaThread "Daemon worker" [_thread_blocked, id=33636, stack(0x000000001c1d0000,0x000000001c2d0000)]
  0x000000001b3b4000 JavaThread "Cancel handler" [_thread_blocked, id=36776, stack(0x000000001bfd0000,0x000000001c0d0000)]
  0x000000001b29e800 JavaThread "Handler for socket connection from /127.0.0.1:4363 to /127.0.0.1:4364" [_thread_in_native, id=30740, stack(0x000000001bcd0000,0x000000001bdd0000)]
  0x000000001b29b800 JavaThread "Daemon" [_thread_blocked, id=31500, stack(0x000000001bbd0000,0x000000001bcd0000)]
  0x000000001b285800 JavaThread "Daemon periodic checks" [_thread_blocked, id=36324, stack(0x000000001bad0000,0x000000001bbd0000)]
  0x000000001b2cf000 JavaThread "Incoming local TCP Connector on port 4363" [_thread_in_native, id=36260, stack(0x000000001b920000,0x000000001ba20000)]
  0x000000001aff3800 JavaThread "Daemon health stats" [_thread_blocked, id=34688, stack(0x000000001b620000,0x000000001b720000)]
  0x00000000183fa000 JavaThread "Service Thread" daemon [_thread_blocked, id=36848, stack(0x0000000019c50000,0x0000000019d50000)]
  0x000000001836d800 JavaThread "C1 CompilerThread3" daemon [_thread_in_native, id=36708, stack(0x0000000019b50000,0x0000000019c50000)]
  0x000000001836c800 JavaThread "C2 CompilerThread2" daemon [_thread_in_native, id=36860, stack(0x0000000019a50000,0x0000000019b50000)]
=>0x0000000018368000 JavaThread "C2 CompilerThread1" daemon [_thread_in_native, id=36400, stack(0x0000000019950000,0x0000000019a50000)]
  0x0000000018363000 JavaThread "C2 CompilerThread0" daemon [_thread_in_native, id=36356, stack(0x0000000019850000,0x0000000019950000)]
  0x0000000018362000 JavaThread "Attach Listener" daemon [_thread_blocked, id=20888, stack(0x0000000019750000,0x0000000019850000)]
  0x0000000018361000 JavaThread "Signal Dispatcher" daemon [_thread_blocked, id=33360, stack(0x0000000019650000,0x0000000019750000)]
  0x0000000016c1d000 JavaThread "Finalizer" daemon [_thread_blocked, id=23576, stack(0x0000000019550000,0x0000000019650000)]
  0x0000000002c58000 JavaThread "Reference Handler" daemon [_thread_blocked, id=33660, stack(0x0000000019450000,0x0000000019550000)]
  0x0000000002a5e000 JavaThread "main" [_thread_blocked, id=32276, stack(0x0000000002a60000,0x0000000002b60000)]

Other Threads:
  0x0000000016c15800 VMThread [stack: 0x0000000019350000,0x0000000019450000] [id=35140]
  0x0000000018403800 WatcherThread [stack: 0x0000000019d50000,0x0000000019e50000] [id=36768]

VM state:not at safepoint (normal execution)

VM Mutex/Monitor currently owned by a thread: None

heap address: 0x00000000a0000000, size: 1536 MB, Compressed Oops mode: 32-bit
Narrow klass base: 0x0000000000000000, Narrow klass shift: 3
Compressed class space size: 1073741824 Address: 0x0000000100000000

Heap:
 PSYoungGen      total 162304K, used 99862K [0x00000000e0000000, 0x00000000ed400000, 0x0000000100000000)
  eden space 148480K, 57% used [0x00000000e0000000,0x00000000e540aa58,0x00000000e9100000)
  from space 13824K, 99% used [0x00000000e9100000,0x00000000e9e7ae78,0x00000000e9e80000)
  to   space 23040K, 0% used [0x00000000ebd80000,0x00000000ebd80000,0x00000000ed400000)
 ParOldGen       total 180224K, used 40231K [0x00000000a0000000, 0x00000000ab000000, 0x00000000e0000000)
  object space 180224K, 22% used [0x00000000a0000000,0x00000000a2749cf8,0x00000000ab000000)
 Metaspace       used 69485K, capacity 73278K, committed 73560K, reserved 1112064K
  class space    used 9616K, capacity 10298K, committed 10368K, reserved 1048576K

Card table byte_map: [0x0000000012020000,0x0000000012330000] byte_map_base: 0x0000000011b20000

Marking Bits: (ParMarkBitMap*) 0x000000006c3e9f30
 Begin Bits: [0x0000000012f30000, 0x0000000014730000)
 End Bits:   [0x0000000014730000, 0x0000000015f30000)

Polling page: 0x0000000000810000

CodeCache: size=245760Kb used=23736Kb max_used=23736Kb free=222023Kb
 bounds [0x0000000002c60000, 0x00000000043b0000, 0x0000000011c60000]
 total_blobs=8580 nmethods=7772 adapters=719
 compilation: enabled

Compilation events (10 events):
Event: 6.037 Thread 0x000000001836d800 nmethod 8607 0x000000000438f210 code [0x000000000438f7e0, 0x0000000004392d88]
Event: 6.037 Thread 0x000000001836d800 8609       3       com.android.tools.r8.ir.code.IRCode::b (34 bytes)
Event: 6.038 Thread 0x000000001836c800 nmethod 8364 0x00000000043950d0 code [0x0000000004395480, 0x0000000004397d00]
Event: 6.038 Thread 0x000000001836d800 nmethod 8609 0x000000000438e1d0 code [0x000000000438e3e0, 0x000000000438ed28]
Event: 6.038 Thread 0x000000001836d800 8612       3       com.android.tools.r8.t.a.a.f::b (32 bytes)
Event: 6.038 Thread 0x000000001836c800 8471       4       java.util.TreeMap::put (247 bytes)
Event: 6.038 Thread 0x000000001836d800 nmethod 8612 0x000000000438d9d0 code [0x000000000438db60, 0x000000000438df90]
Event: 6.038 Thread 0x000000001836d800 8610       3       com.android.tools.r8.ir.optimize.a::a (101 bytes)
Event: 6.039 Thread 0x000000001836d800 nmethod 8610 0x000000000438b650 code [0x000000000438b940, 0x000000000438ce68]
Event: 6.039 Thread 0x000000001836d800 8614       3       com.android.tools.r8.ir.optimize.g::a (394 bytes)

GC Heap History (10 events):
Event: 2.926 GC heap before
{Heap before GC invocations=8 (full 2):
 PSYoungGen      total 162816K, used 8768K [0x00000000e0000000, 0x00000000edf80000, 0x0000000100000000)
  eden space 148480K, 0% used [0x00000000e0000000,0x00000000e0000000,0x00000000e9100000)
  from space 14336K, 61% used [0x00000000e9e80000,0x00000000ea710000,0x00000000eac80000)
  to   space 13824K, 0% used [0x00000000e9100000,0x00000000e9100000,0x00000000e9e80000)
 ParOldGen       total 112128K, used 12318K [0x00000000a0000000, 0x00000000a6d80000, 0x00000000e0000000)
  object space 112128K, 10% used [0x00000000a0000000,0x00000000a0c07b18,0x00000000a6d80000)
 Metaspace       used 34444K, capacity 35348K, committed 35456K, reserved 1079296K
  class space    used 4739K, capacity 4945K, committed 4992K, reserved 1048576K
Event: 2.971 GC heap after
Heap after GC invocations=8 (full 2):
 PSYoungGen      total 162816K, used 0K [0x00000000e0000000, 0x00000000edf80000, 0x0000000100000000)
  eden space 148480K, 0% used [0x00000000e0000000,0x00000000e0000000,0x00000000e9100000)
  from space 14336K, 0% used [0x00000000e9e80000,0x00000000e9e80000,0x00000000eac80000)
  to   space 13824K, 0% used [0x00000000e9100000,0x00000000e9100000,0x00000000e9e80000)
 ParOldGen       total 180224K, used 15850K [0x00000000a0000000, 0x00000000ab000000, 0x00000000e0000000)
  object space 180224K, 8% used [0x00000000a0000000,0x00000000a0f7aa40,0x00000000ab000000)
 Metaspace       used 34392K, capacity 35174K, committed 35456K, reserved 1079296K
  class space    used 4723K, capacity 4916K, committed 4992K, reserved 1048576K
}
Event: 3.868 GC heap before
{Heap before GC invocations=9 (full 2):
 PSYoungGen      total 162816K, used 148480K [0x00000000e0000000, 0x00000000edf80000, 0x0000000100000000)
  eden space 148480K, 100% used [0x00000000e0000000,0x00000000e9100000,0x00000000e9100000)
  from space 14336K, 0% used [0x00000000e9e80000,0x00000000e9e80000,0x00000000eac80000)
  to   space 13824K, 0% used [0x00000000e9100000,0x00000000e9100000,0x00000000e9e80000)
 ParOldGen       total 180224K, used 15850K [0x00000000a0000000, 0x00000000ab000000, 0x00000000e0000000)
  object space 180224K, 8% used [0x00000000a0000000,0x00000000a0f7aa40,0x00000000ab000000)
 Metaspace       used 46773K, capacity 47922K, committed 48128K, reserved 1091584K
  class space    used 6277K, capacity 6590K, committed 6656K, reserved 1048576K
Event: 3.877 GC heap after
Heap after GC invocations=9 (full 2):
 PSYoungGen      total 162304K, used 13814K [0x00000000e0000000, 0x00000000ee500000, 0x0000000100000000)
  eden space 148480K, 0% used [0x00000000e0000000,0x00000000e0000000,0x00000000e9100000)
  from space 13824K, 99% used [0x00000000e9100000,0x00000000e9e7d8b0,0x00000000e9e80000)
  to   space 17920K, 0% used [0x00000000ed380000,0x00000000ed380000,0x00000000ee500000)
 ParOldGen       total 180224K, used 20538K [0x00000000a0000000, 0x00000000ab000000, 0x00000000e0000000)
  object space 180224K, 11% used [0x00000000a0000000,0x00000000a140eae8,0x00000000ab000000)
 Metaspace       used 46773K, capacity 47922K, committed 48128K, reserved 1091584K
  class space    used 6277K, capacity 6590K, committed 6656K, reserved 1048576K
}
Event: 4.586 GC heap before
{Heap before GC invocations=10 (full 2):
 PSYoungGen      total 162304K, used 137788K [0x00000000e0000000, 0x00000000ee500000, 0x0000000100000000)
  eden space 148480K, 83% used [0x00000000e0000000,0x00000000e79118c8,0x00000000e9100000)
  from space 13824K, 99% used [0x00000000e9100000,0x00000000e9e7d8b0,0x00000000e9e80000)
  to   space 17920K, 0% used [0x00000000ed380000,0x00000000ed380000,0x00000000ee500000)
 ParOldGen       total 180224K, used 20538K [0x00000000a0000000, 0x00000000ab000000, 0x00000000e0000000)
  object space 180224K, 11% used [0x00000000a0000000,0x00000000a140eae8,0x00000000ab000000)
 Metaspace       used 57432K, capacity 59066K, committed 59096K, reserved 1099776K
  class space    used 7769K, capacity 8168K, committed 8192K, reserved 1048576K
Event: 4.598 GC heap after
Heap after GC invocations=10 (full 2):
 PSYoungGen      total 166400K, used 17907K [0x00000000e0000000, 0x00000000ee500000, 0x0000000100000000)
  eden space 148480K, 0% used [0x00000000e0000000,0x00000000e0000000,0x00000000e9100000)
  from space 17920K, 99% used [0x00000000ed380000,0x00000000ee4fcc10,0x00000000ee500000)
  to   space 13824K, 0% used [0x00000000e9100000,0x00000000e9100000,0x00000000e9e80000)
 ParOldGen       total 180224K, used 25341K [0x00000000a0000000, 0x00000000ab000000, 0x00000000e0000000)
  object space 180224K, 14% used [0x00000000a0000000,0x00000000a18bf498,0x00000000ab000000)
 Metaspace       used 57432K, capacity 59066K, committed 59096K, reserved 1099776K
  class space    used 7769K, capacity 8168K, committed 8192K, reserved 1048576K
}
Event: 4.598 GC heap before
{Heap before GC invocations=11 (full 3):
 PSYoungGen      total 166400K, used 17907K [0x00000000e0000000, 0x00000000ee500000, 0x0000000100000000)
  eden space 148480K, 0% used [0x00000000e0000000,0x00000000e0000000,0x00000000e9100000)
  from space 17920K, 99% used [0x00000000ed380000,0x00000000ee4fcc10,0x00000000ee500000)
  to   space 13824K, 0% used [0x00000000e9100000,0x00000000e9100000,0x00000000e9e80000)
 ParOldGen       total 180224K, used 25341K [0x00000000a0000000, 0x00000000ab000000, 0x00000000e0000000)
  object space 180224K, 14% used [0x00000000a0000000,0x00000000a18bf498,0x00000000ab000000)
 Metaspace       used 57432K, capacity 59066K, committed 59096K, reserved 1099776K
  class space    used 7769K, capacity 8168K, committed 8192K, reserved 1048576K
Event: 4.747 GC heap after
Heap after GC invocations=11 (full 3):
 PSYoungGen      total 166400K, used 0K [0x00000000e0000000, 0x00000000ee500000, 0x0000000100000000)
  eden space 148480K, 0% used [0x00000000e0000000,0x00000000e0000000,0x00000000e9100000)
  from space 17920K, 0% used [0x00000000ed380000,0x00000000ed380000,0x00000000ee500000)
  to   space 13824K, 0% used [0x00000000e9100000,0x00000000e9100000,0x00000000e9e80000)
 ParOldGen       total 180224K, used 37283K [0x00000000a0000000, 0x00000000ab000000, 0x00000000e0000000)
  object space 180224K, 20% used [0x00000000a0000000,0x00000000a2468fe0,0x00000000ab000000)
 Metaspace       used 57432K, capacity 59066K, committed 59096K, reserved 1099776K
  class space    used 7769K, capacity 8168K, committed 8192K, reserved 1048576K
}
Event: 5.710 GC heap before
{Heap before GC invocations=12 (full 3):
 PSYoungGen      total 166400K, used 148480K [0x00000000e0000000, 0x00000000ee500000, 0x0000000100000000)
  eden space 148480K, 100% used [0x00000000e0000000,0x00000000e9100000,0x00000000e9100000)
  from space 17920K, 0% used [0x00000000ed380000,0x00000000ed380000,0x00000000ee500000)
  to   space 13824K, 0% used [0x00000000e9100000,0x00000000e9100000,0x00000000e9e80000)
 ParOldGen       total 180224K, used 37283K [0x00000000a0000000, 0x00000000ab000000, 0x00000000e0000000)
  object space 180224K, 20% used [0x00000000a0000000,0x00000000a2468fe0,0x00000000ab000000)
 Metaspace       used 66307K, capacity 69428K, committed 69720K, reserved 1110016K
  class space    used 9171K, capacity 9793K, committed 9856K, reserved 1048576K
Event: 5.719 GC heap after
Heap after GC invocations=12 (full 3):
 PSYoungGen      total 162304K, used 13803K [0x00000000e0000000, 0x00000000ed400000, 0x0000000100000000)
  eden space 148480K, 0% used [0x00000000e0000000,0x00000000e0000000,0x00000000e9100000)
  from space 13824K, 99% used [0x00000000e9100000,0x00000000e9e7ae78,0x00000000e9e80000)
  to   space 23040K, 0% used [0x00000000ebd80000,0x00000000ebd80000,0x00000000ed400000)
 ParOldGen       total 180224K, used 40231K [0x00000000a0000000, 0x00000000ab000000, 0x00000000e0000000)
  object space 180224K, 22% used [0x00000000a0000000,0x00000000a2749cf8,0x00000000ab000000)
 Metaspace       used 66307K, capacity 69428K, committed 69720K, reserved 1110016K
  class space    used 9171K, capacity 9793K, committed 9856K, reserved 1048576K
}

Deoptimization events (10 events):
Event: 5.922 Thread 0x0000000021bfa800 Uncommon trap: reason=bimorphic action=maybe_recompile pc=0x000000000413cbec method=com.android.tools.r8.ir.code.ValueType.a(Lcom/android/tools/r8/ir/analysis/type/TypeLatticeElement;)Lcom/android/tools/r8/ir/code/ValueType; @ 12
Event: 5.922 Thread 0x0000000021bfa800 Uncommon trap: reason=bimorphic action=maybe_recompile pc=0x0000000004134db8 method=com.android.tools.r8.ir.code.ValueType.a(Lcom/android/tools/r8/ir/analysis/type/TypeLatticeElement;)Lcom/android/tools/r8/ir/code/ValueType; @ 12
Event: 5.922 Thread 0x0000000021bfa800 Uncommon trap: reason=bimorphic action=maybe_recompile pc=0x0000000004139c94 method=com.android.tools.r8.ir.code.ValueType.a(Lcom/android/tools/r8/ir/analysis/type/TypeLatticeElement;)Lcom/android/tools/r8/ir/code/ValueType; @ 12
Event: 5.922 Thread 0x0000000021bfa800 Uncommon trap: reason=unstable_if action=reinterpret pc=0x00000000041db4d8 method=com.android.tools.r8.ir.analysis.type.TypeLatticeElement.q()I @ 35
Event: 5.967 Thread 0x0000000021bfa800 Uncommon trap: reason=unstable_if action=reinterpret pc=0x00000000042a1a8c method=com.android.tools.r8.ir.conversion.N.b(Lcom/android/tools/r8/t/a/a/G/a;)Z @ 21
Event: 6.030 Thread 0x0000000021bfa800 Uncommon trap: reason=bimorphic action=maybe_recompile pc=0x000000000427a8e4 method=com.android.tools.r8.ir.code.ValueType.a(Lcom/android/tools/r8/ir/analysis/type/TypeLatticeElement;)Lcom/android/tools/r8/ir/code/ValueType; @ 23
Event: 6.030 Thread 0x0000000021bfa800 Uncommon trap: reason=bimorphic action=maybe_recompile pc=0x000000000427a8e4 method=com.android.tools.r8.ir.code.ValueType.a(Lcom/android/tools/r8/ir/analysis/type/TypeLatticeElement;)Lcom/android/tools/r8/ir/code/ValueType; @ 23
Event: 6.030 Thread 0x0000000021bfa800 Uncommon trap: reason=bimorphic action=maybe_recompile pc=0x000000000426c4f4 method=com.android.tools.r8.ir.code.ValueType.a(Lcom/android/tools/r8/ir/analysis/type/TypeLatticeElement;)Lcom/android/tools/r8/ir/code/ValueType; @ 23
Event: 6.030 Thread 0x0000000021bfa800 Uncommon trap: reason=bimorphic action=maybe_recompile pc=0x0000000004273908 method=com.android.tools.r8.ir.code.ValueType.a(Lcom/android/tools/r8/ir/analysis/type/TypeLatticeElement;)Lcom/android/tools/r8/ir/code/ValueType; @ 23
Event: 6.030 Thread 0x0000000021bfa800 Uncommon trap: reason=bimorphic action=maybe_recompile pc=0x000000000422c4cc method=com.android.tools.r8.ir.code.ValueType.a(Lcom/android/tools/r8/ir/analysis/type/TypeLatticeElement;)Lcom/android/tools/r8/ir/code/ValueType; @ 23

Classes redefined (0 events):
No events

Internal exceptions (10 events):
Event: 5.577 Thread 0x0000000021bf6000 Exception <a 'java/lang/NoSuchMethodError': java.lang.Object.lambda$identity$2(Ljava/lang/Object;)Ljava/lang/Object;> (0x00000000e7615ff0) thrown at [D:\src\AOSP-openjdk-cygwin\jdk8u\hotspot\src\share\vm\interpreter\linkResolver.cpp, line 620]
Event: 5.577 Thread 0x0000000021bf3000 Exception <a 'java/lang/NoSuchMethodError': java.lang.Object.lambda$identity$2(Ljava/lang/Object;)Ljava/lang/Object;> (0x00000000e76d8150) thrown at [D:\src\AOSP-openjdk-cygwin\jdk8u\hotspot\src\share\vm\interpreter\linkResolver.cpp, line 620]
Event: 5.698 Thread 0x0000000021bf6000 Exception <a 'java/lang/NoSuchMethodError': java.lang.Object.lambda$maxBy$1(Ljava/util/Comparator;Ljava/lang/Object;Ljava/lang/Object;)Ljava/lang/Object;> (0x00000000e8c22058) thrown at [D:\src\AOSP-openjdk-cygwin\jdk8u\hotspot\src\share\vm\interpreter\li
Event: 5.698 Thread 0x0000000021bfa800 Exception <a 'java/lang/NoSuchMethodError': java.lang.Object.lambda$maxBy$1(Ljava/util/Comparator;Ljava/lang/Object;Ljava/lang/Object;)Ljava/lang/Object;> (0x00000000e8bc4290) thrown at [D:\src\AOSP-openjdk-cygwin\jdk8u\hotspot\src\share\vm\interpreter\li
Event: 5.698 Thread 0x0000000021bf5800 Exception <a 'java/lang/NoSuchMethodError': java.lang.Object.lambda$maxBy$1(Ljava/util/Comparator;Ljava/lang/Object;Ljava/lang/Object;)Ljava/lang/Object;> (0x00000000e8b7b348) thrown at [D:\src\AOSP-openjdk-cygwin\jdk8u\hotspot\src\share\vm\interpreter\li
Event: 5.769 Thread 0x0000000021bf5800 Implicit null exception at 0x000000000363486f to 0x000000000363490d
Event: 5.852 Thread 0x0000000021bf5800 Exception <a 'sun/nio/fs/WindowsException'> (0x00000000e2b40488) thrown at [D:\src\AOSP-openjdk-cygwin\jdk8u\hotspot\src\share\vm\prims\jni.cpp, line 710]
Event: 5.852 Thread 0x0000000021bf3000 Exception <a 'sun/nio/fs/WindowsException'> (0x00000000e2af93f8) thrown at [D:\src\AOSP-openjdk-cygwin\jdk8u\hotspot\src\share\vm\prims\jni.cpp, line 710]
Event: 5.865 Thread 0x0000000021bf6000 Exception <a 'sun/nio/fs/WindowsException'> (0x00000000e3603510) thrown at [D:\src\AOSP-openjdk-cygwin\jdk8u\hotspot\src\share\vm\prims\jni.cpp, line 710]
Event: 5.872 Thread 0x0000000021bf3000 Implicit null exception at 0x0000000003f9b12d to 0x0000000003f9b6c5

Events (10 events):
Event: 6.030 Thread 0x0000000021bfa800 DEOPT PACKING pc=0x000000000426c4f4 sp=0x0000000026d7ae00
Event: 6.030 Thread 0x0000000021bfa800 DEOPT UNPACKING pc=0x0000000002ca557b sp=0x0000000026d7ad48 mode 2
Event: 6.030 Thread 0x0000000021bfa800 Uncommon trap: trap_request=0xffffffc6 fr.pc=0x0000000004273908
Event: 6.030 Thread 0x0000000021bfa800 DEOPT PACKING pc=0x0000000004273908 sp=0x0000000026d7ade0
Event: 6.030 Thread 0x0000000021bfa800 DEOPT UNPACKING pc=0x0000000002ca557b sp=0x0000000026d7ad88 mode 2
Event: 6.030 Thread 0x0000000021bfa800 Uncommon trap: trap_request=0xffffffc6 fr.pc=0x000000000422c4cc
Event: 6.030 Thread 0x0000000021bfa800 DEOPT PACKING pc=0x000000000422c4cc sp=0x0000000026d7af10
Event: 6.030 Thread 0x0000000021bfa800 DEOPT UNPACKING pc=0x0000000002ca557b sp=0x0000000026d7ae08 mode 2
Event: 6.032 Executing VM operation: ForceSafepoint
Event: 6.032 Executing VM operation: ForceSafepoint done


Dynamic libraries:
0x00007ff6ecab0000 - 0x00007ff6ecae1000 	D:\programs_work\android_studio\jre\bin\java.exe
0x00007ff999fc0000 - 0x00007ff99a1a1000 	C:\WINDOWS\SYSTEM32\ntdll.dll
0x00007ff999e50000 - 0x00007ff999f01000 	C:\WINDOWS\System32\KERNEL32.DLL
0x00007ff996d70000 - 0x00007ff996fe3000 	C:\WINDOWS\System32\KERNELBASE.dll
0x00007ff999340000 - 0x00007ff9993e1000 	C:\WINDOWS\System32\ADVAPI32.dll
0x00007ff9993f0000 - 0x00007ff99948e000 	C:\WINDOWS\System32\msvcrt.dll
0x00007ff999490000 - 0x00007ff9994eb000 	C:\WINDOWS\System32\sechost.dll
0x00007ff999990000 - 0x00007ff999ab4000 	C:\WINDOWS\System32\RPCRT4.dll
0x00007ff999520000 - 0x00007ff9996b0000 	C:\WINDOWS\System32\USER32.dll
0x00007ff9965d0000 - 0x00007ff9965f0000 	C:\WINDOWS\System32\win32u.dll
0x00007ff9994f0000 - 0x00007ff999518000 	C:\WINDOWS\System32\GDI32.dll
0x00007ff996380000 - 0x00007ff996512000 	C:\WINDOWS\System32\gdi32full.dll
0x00007ff9972b0000 - 0x00007ff99734f000 	C:\WINDOWS\System32\msvcp_win.dll
0x00007ff997350000 - 0x00007ff997448000 	C:\WINDOWS\System32\ucrtbase.dll
0x00007ff98be90000 - 0x00007ff98c0f9000 	C:\WINDOWS\WinSxS\amd64_microsoft.windows.common-controls_6595b64144ccf1df_6.0.17134.1550_none_d40142657c8ef2c1\COMCTL32.dll
0x00007ff998950000 - 0x00007ff998c70000 	C:\WINDOWS\System32\combase.dll
0x00007ff997040000 - 0x00007ff9970b9000 	C:\WINDOWS\System32\bcryptPrimitives.dll
0x00007ff998c70000 - 0x00007ff998c9d000 	C:\WINDOWS\System32\IMM32.DLL
0x000000006b8d0000 - 0x000000006b9a2000 	D:\programs_work\android_studio\jre\jre\bin\msvcr100.dll
0x000000006bc20000 - 0x000000006c466000 	D:\programs_work\android_studio\jre\jre\bin\server\jvm.dll
0x00007ff9991b0000 - 0x00007ff9991b8000 	C:\WINDOWS\System32\PSAPI.DLL
0x00007ff992c40000 - 0x00007ff992c49000 	C:\WINDOWS\SYSTEM32\WSOCK32.dll
0x00007ff999de0000 - 0x00007ff999e4c000 	C:\WINDOWS\System32\WS2_32.dll
0x00007ff993e60000 - 0x00007ff993e83000 	C:\WINDOWS\SYSTEM32\WINMM.dll
0x00007ff992a10000 - 0x00007ff992a1a000 	C:\WINDOWS\SYSTEM32\VERSION.dll
0x00007ff993e30000 - 0x00007ff993e5a000 	C:\WINDOWS\SYSTEM32\winmmbase.dll
0x00007ff996ff0000 - 0x00007ff997039000 	C:\WINDOWS\System32\cfgmgr32.dll
0x00007ff98a190000 - 0x00007ff98a19f000 	D:\programs_work\android_studio\jre\jre\bin\verify.dll
0x00007ff9837b0000 - 0x00007ff9837d9000 	D:\programs_work\android_studio\jre\jre\bin\java.dll
0x00007ff988760000 - 0x00007ff988776000 	D:\programs_work\android_studio\jre\jre\bin\zip.dll
0x00007ff997450000 - 0x00007ff998895000 	C:\WINDOWS\System32\SHELL32.dll
0x00007ff9988a0000 - 0x00007ff998949000 	C:\WINDOWS\System32\shcore.dll
0x00007ff996650000 - 0x00007ff996d61000 	C:\WINDOWS\System32\windows.storage.dll
0x00007ff998ca0000 - 0x00007ff998cf1000 	C:\WINDOWS\System32\shlwapi.dll
0x00007ff9962d0000 - 0x00007ff9962e1000 	C:\WINDOWS\System32\kernel.appcore.dll
0x00007ff996360000 - 0x00007ff99637f000 	C:\WINDOWS\System32\profapi.dll
0x00007ff996310000 - 0x00007ff99635c000 	C:\WINDOWS\System32\powrprof.dll
0x00007ff9962c0000 - 0x00007ff9962ca000 	C:\WINDOWS\System32\FLTLIB.DLL
0x00007ff983b40000 - 0x00007ff983b5a000 	D:\programs_work\android_studio\jre\jre\bin\net.dll
0x00007ff995b20000 - 0x00007ff995b86000 	C:\WINDOWS\system32\mswsock.dll
0x00007ff983450000 - 0x00007ff983461000 	D:\programs_work\android_studio\jre\jre\bin\nio.dll
0x00007ff9846c0000 - 0x00007ff9846e6000 	C:\Users\Jue\.gradle\native\29\windows-amd64\native-platform.dll
0x00007ff988730000 - 0x00007ff98873d000 	D:\programs_work\android_studio\jre\jre\bin\management.dll
0x00007ff995cd0000 - 0x00007ff995ce7000 	C:\WINDOWS\SYSTEM32\CRYPTSP.dll
0x00007ff995670000 - 0x00007ff9956a3000 	C:\WINDOWS\system32\rsaenh.dll
0x00007ff995e00000 - 0x00007ff995e25000 	C:\WINDOWS\SYSTEM32\bcrypt.dll
0x00007ff9961c0000 - 0x00007ff9961e8000 	C:\WINDOWS\SYSTEM32\USERENV.dll
0x00007ff995cf0000 - 0x00007ff995cfb000 	C:\WINDOWS\SYSTEM32\CRYPTBASE.dll
0x00007ff995870000 - 0x00007ff9958a8000 	C:\WINDOWS\SYSTEM32\IPHLPAPI.DLL
0x00007ff999980000 - 0x00007ff999988000 	C:\WINDOWS\System32\NSI.dll
0x00007ff98fee0000 - 0x00007ff98fef6000 	C:\WINDOWS\SYSTEM32\dhcpcsvc6.DLL
0x00007ff9908c0000 - 0x00007ff9908da000 	C:\WINDOWS\SYSTEM32\dhcpcsvc.DLL

VM Arguments:
jvm_args: -Xmx1536m -Dfile.encoding=GBK -Duser.country=CN -Duser.language=zh -Duser.variant 
java_command: org.gradle.launcher.daemon.bootstrap.GradleDaemon 5.4.1
java_class_path (initial): C:\Users\Jue\.gradle\wrapper\dists\gradle-5.4.1-all\3221gyojl5jsh0helicew7rwx\gradle-5.4.1\lib\gradle-launcher-5.4.1.jar
Launcher Type: SUN_STANDARD

Environment Variables:
JAVA_HOME=C:\Program Files\Java\jdk1.8.0_181
PATH=D:\programs_work\pthon27;D:\programs_work\pthon27\Scripts\;D:\programs_work\pthon37\Scripts\;D:\programs_work\pthon37\;C:\Program Files (x86)\Common Files\Oracle\Java\javapath;C:\windows\system32;C:\windows;C:\windows\System32\Wbem;C:\windows\System32\WindowsPowerShell\v1.0\;C:\Program Files (x86)\NVIDIA Corporation\PhysX\Common;C:\WINDOWS\system32;C:\WINDOWS;C:\WINDOWS\System32\Wbem;C:\WINDOWS\System32\WindowsPowerShell\v1.0\;C:\WINDOWS\System32\OpenSSH\;C:\Users\Jue\AppData\Local\Microsoft\WindowsApps;F:\program_packages\windows_manager;\jre\bin;\bin;D:\programs_work\Git\Git\cmd;D:\programs_work\putty\;C:\Program Files\Calibre2\;C:\Program Files\Microsoft SQL Server\130\Tools\Binn\;C:\Program Files (x86)\IncrediBuild;E:\webrtc_workspace\depot_tools\;C:\Users\Jue\AppData\Local\Microsoft\WindowsApps;;C:\Users\Jue\AppData\Local\Programs\Fiddler
USERNAME=Jue
OS=Windows_NT
PROCESSOR_IDENTIFIER=Intel64 Family 6 Model 158 Stepping 10, GenuineIntel



---------------  S Y S T E M  ---------------

OS: Windows 10.0 , 64 bit Build 17134 (10.0.17134.1425)

CPU:total 12 (initial active 12) (6 cores per cpu, 2 threads per core) family 6 model 158 stepping 10, cmov, cx8, fxsr, mmx, sse, sse2, sse3, ssse3, sse4.1, sse4.2, popcnt, avx, avx2, aes, clmul, erms, rtm, 3dnowpref, lzcnt, ht, tsc, tscinvbit, bmi1, bmi2, adx

Memory: 4k page, physical 16721656k(6478300k free), swap 45923044k(6164k free)

vm_info: OpenJDK 64-Bit Server VM (25.202-b03) for windows-amd64 JRE (1.8.0_202-release-1483-b03), built by "builder" with MS VC++ 10.0 (VS2010)

time: Mon Jun 29 16:27:55 2020
timezone: 中国标准时间
elapsed time: 6 seconds (0d 0h 0m 6s)

